Analysis & Synthesis report for lab5_pv
Tue Jul 05 19:34:30 2022
Quartus Prime Version 18.1.0 Build 625 09/12/2018 SJ Lite Edition


---------------------
; Table of Contents ;
---------------------
  1. Legal Notice
  2. Analysis & Synthesis Summary
  3. Analysis & Synthesis Settings
  4. Parallel Compilation
  5. Analysis & Synthesis Source Files Read
  6. Analysis & Synthesis Resource Usage Summary
  7. Analysis & Synthesis Resource Utilization by Entity
  8. Analysis & Synthesis DSP Block Usage Summary
  9. General Register Statistics
 10. Multiplexer Restructuring Statistics (Restructuring Performed)
 11. Parameter Settings for User Entity Instance: pmcntr:MHz50toHz1k
 12. Parameter Settings for Inferred Entity Instance: lab5:lab|ALU:alu|lpm_mult:Mult0
 13. Parameter Settings for Inferred Entity Instance: lab5:lab|ALU:alu|lpm_divide:Div0
 14. Parameter Settings for Inferred Entity Instance: lpm_divide:Div2
 15. Parameter Settings for Inferred Entity Instance: lpm_divide:Div1
 16. Parameter Settings for Inferred Entity Instance: lpm_divide:Div0
 17. Parameter Settings for Inferred Entity Instance: lpm_divide:Mod2
 18. Parameter Settings for Inferred Entity Instance: lpm_divide:Mod1
 19. Parameter Settings for Inferred Entity Instance: lpm_divide:Mod0
 20. lpm_mult Parameter Settings by Entity Instance
 21. Port Connectivity Checks: "ASCII27Seg:SevH5"
 22. Port Connectivity Checks: "ASCII27Seg:SevH4"
 23. Port Connectivity Checks: "ASCII27Seg:SevH3"
 24. Port Connectivity Checks: "ASCII27Seg:SevH2"
 25. Port Connectivity Checks: "ASCII27Seg:SevH0"
 26. Port Connectivity Checks: "lab5:lab"
 27. Port Connectivity Checks: "pmcntr:MHz50toHz1k"
 28. Post-Synthesis Netlist Statistics for Top Partition
 29. Elapsed Time Per Partition
 30. Analysis & Synthesis Messages
 31. Analysis & Synthesis Suppressed Messages



----------------
; Legal Notice ;
----------------
Copyright (C) 2018  Intel Corporation. All rights reserved.
Your use of Intel Corporation's design tools, logic functions 
and other software and tools, and its AMPP partner logic 
functions, and any output files from any of the foregoing 
(including device programming or simulation files), and any 
associated documentation or information are expressly subject 
to the terms and conditions of the Intel Program License 
Subscription Agreement, the Intel Quartus Prime License Agreement,
the Intel FPGA IP License Agreement, or other applicable license
agreement, including, without limitation, that your use is for
the sole purpose of programming logic devices manufactured by
Intel and sold by Intel or its authorized distributors.  Please
refer to the applicable agreement for further details.



+----------------------------------------------------------------------------------+
; Analysis & Synthesis Summary                                                     ;
+------------------------------------+---------------------------------------------+
; Analysis & Synthesis Status        ; Successful - Tue Jul 05 19:34:30 2022       ;
; Quartus Prime Version              ; 18.1.0 Build 625 09/12/2018 SJ Lite Edition ;
; Revision Name                      ; lab5_pv                                     ;
; Top-level Entity Name              ; lab5_pv                                     ;
; Family                             ; MAX 10                                      ;
; Total logic elements               ; 1,047                                       ;
;     Total combinational functions  ; 919                                         ;
;     Dedicated logic registers      ; 179                                         ;
; Total registers                    ; 179                                         ;
; Total pins                         ; 57                                          ;
; Total virtual pins                 ; 0                                           ;
; Total memory bits                  ; 0                                           ;
; Embedded Multiplier 9-bit elements ; 1                                           ;
; Total PLLs                         ; 0                                           ;
; UFM blocks                         ; 0                                           ;
; ADC blocks                         ; 0                                           ;
+------------------------------------+---------------------------------------------+


+------------------------------------------------------------------------------------------------------------+
; Analysis & Synthesis Settings                                                                              ;
+------------------------------------------------------------------+--------------------+--------------------+
; Option                                                           ; Setting            ; Default Value      ;
+------------------------------------------------------------------+--------------------+--------------------+
; Device                                                           ; 10M50DAF484C6GES   ;                    ;
; Top-level entity name                                            ; lab5_pv            ; lab5_pv            ;
; Family name                                                      ; MAX 10             ; Cyclone V          ;
; Use smart compilation                                            ; Off                ; Off                ;
; Enable parallel Assembler and Timing Analyzer during compilation ; On                 ; On                 ;
; Enable compact report table                                      ; Off                ; Off                ;
; Restructure Multiplexers                                         ; Auto               ; Auto               ;
; Create Debugging Nodes for IP Cores                              ; Off                ; Off                ;
; Preserve fewer node names                                        ; On                 ; On                 ;
; Intel FPGA IP Evaluation Mode                                    ; Enable             ; Enable             ;
; Verilog Version                                                  ; Verilog_2001       ; Verilog_2001       ;
; VHDL Version                                                     ; VHDL_1993          ; VHDL_1993          ;
; State Machine Processing                                         ; Auto               ; Auto               ;
; Safe State Machine                                               ; Off                ; Off                ;
; Extract Verilog State Machines                                   ; On                 ; On                 ;
; Extract VHDL State Machines                                      ; On                 ; On                 ;
; Ignore Verilog initial constructs                                ; Off                ; Off                ;
; Iteration limit for constant Verilog loops                       ; 5000               ; 5000               ;
; Iteration limit for non-constant Verilog loops                   ; 250                ; 250                ;
; Add Pass-Through Logic to Inferred RAMs                          ; On                 ; On                 ;
; Infer RAMs from Raw Logic                                        ; On                 ; On                 ;
; Parallel Synthesis                                               ; On                 ; On                 ;
; DSP Block Balancing                                              ; Auto               ; Auto               ;
; NOT Gate Push-Back                                               ; On                 ; On                 ;
; Power-Up Don't Care                                              ; On                 ; On                 ;
; Remove Redundant Logic Cells                                     ; Off                ; Off                ;
; Remove Duplicate Registers                                       ; On                 ; On                 ;
; Ignore CARRY Buffers                                             ; Off                ; Off                ;
; Ignore CASCADE Buffers                                           ; Off                ; Off                ;
; Ignore GLOBAL Buffers                                            ; Off                ; Off                ;
; Ignore ROW GLOBAL Buffers                                        ; Off                ; Off                ;
; Ignore LCELL Buffers                                             ; Off                ; Off                ;
; Ignore SOFT Buffers                                              ; On                 ; On                 ;
; Limit AHDL Integers to 32 Bits                                   ; Off                ; Off                ;
; Optimization Technique                                           ; Balanced           ; Balanced           ;
; Carry Chain Length                                               ; 70                 ; 70                 ;
; Auto Carry Chains                                                ; On                 ; On                 ;
; Auto Open-Drain Pins                                             ; On                 ; On                 ;
; Perform WYSIWYG Primitive Resynthesis                            ; Off                ; Off                ;
; Auto ROM Replacement                                             ; On                 ; On                 ;
; Auto RAM Replacement                                             ; On                 ; On                 ;
; Auto DSP Block Replacement                                       ; On                 ; On                 ;
; Auto Shift Register Replacement                                  ; Auto               ; Auto               ;
; Allow Shift Register Merging across Hierarchies                  ; Auto               ; Auto               ;
; Auto Clock Enable Replacement                                    ; On                 ; On                 ;
; Strict RAM Replacement                                           ; Off                ; Off                ;
; Allow Synchronous Control Signals                                ; On                 ; On                 ;
; Force Use of Synchronous Clear Signals                           ; Off                ; Off                ;
; Auto RAM Block Balancing                                         ; On                 ; On                 ;
; Auto RAM to Logic Cell Conversion                                ; Off                ; Off                ;
; Auto Resource Sharing                                            ; Off                ; Off                ;
; Allow Any RAM Size For Recognition                               ; Off                ; Off                ;
; Allow Any ROM Size For Recognition                               ; Off                ; Off                ;
; Allow Any Shift Register Size For Recognition                    ; Off                ; Off                ;
; Use LogicLock Constraints during Resource Balancing              ; On                 ; On                 ;
; Ignore translate_off and synthesis_off directives                ; Off                ; Off                ;
; Timing-Driven Synthesis                                          ; On                 ; On                 ;
; Report Parameter Settings                                        ; On                 ; On                 ;
; Report Source Assignments                                        ; On                 ; On                 ;
; Report Connectivity Checks                                       ; On                 ; On                 ;
; Ignore Maximum Fan-Out Assignments                               ; Off                ; Off                ;
; Synchronization Register Chain Length                            ; 2                  ; 2                  ;
; Power Optimization During Synthesis                              ; Normal compilation ; Normal compilation ;
; HDL message level                                                ; Level2             ; Level2             ;
; Suppress Register Optimization Related Messages                  ; Off                ; Off                ;
; Number of Removed Registers Reported in Synthesis Report         ; 5000               ; 5000               ;
; Number of Swept Nodes Reported in Synthesis Report               ; 5000               ; 5000               ;
; Number of Inverted Registers Reported in Synthesis Report        ; 100                ; 100                ;
; Clock MUX Protection                                             ; On                 ; On                 ;
; Auto Gated Clock Conversion                                      ; Off                ; Off                ;
; Block Design Naming                                              ; Auto               ; Auto               ;
; SDC constraint protection                                        ; Off                ; Off                ;
; Synthesis Effort                                                 ; Auto               ; Auto               ;
; Shift Register Replacement - Allow Asynchronous Clear Signal     ; On                 ; On                 ;
; Pre-Mapping Resynthesis Optimization                             ; Off                ; Off                ;
; Analysis & Synthesis Message Level                               ; Medium             ; Medium             ;
; Disable Register Merging Across Hierarchies                      ; Auto               ; Auto               ;
; Resource Aware Inference For Block RAM                           ; On                 ; On                 ;
+------------------------------------------------------------------+--------------------+--------------------+


+------------------------------------------+
; Parallel Compilation                     ;
+----------------------------+-------------+
; Processors                 ; Number      ;
+----------------------------+-------------+
; Number detected on machine ; 8           ;
; Maximum allowed            ; 4           ;
;                            ;             ;
; Average used               ; 1.00        ;
; Maximum used               ; 4           ;
;                            ;             ;
; Usage by Processor         ; % Time Used ;
;     Processor 1            ; 100.0%      ;
;     Processors 2-4         ;   0.0%      ;
+----------------------------+-------------+


+--------------------------------------------------------------------------------------------------------------------------------------------------------------------------------------------+
; Analysis & Synthesis Source Files Read                                                                                                                                                     ;
+----------------------------------+-----------------+------------------------------+----------------------------------------------------------------------------------------------+---------+
; File Name with User-Entered Path ; Used in Netlist ; File Type                    ; File Name with Absolute Path                                                                 ; Library ;
+----------------------------------+-----------------+------------------------------+----------------------------------------------------------------------------------------------+---------+
; lab5_pv.sv                       ; yes             ; User SystemVerilog HDL File  ; C:/Users/Kyle/Documents/GitHub/EEE333Verilog/Lab 5 Microprocessor/lab5_pv.sv                 ;         ;
; ASCII27Seg.sv                    ; yes             ; User SystemVerilog HDL File  ; C:/Users/Kyle/Documents/GitHub/EEE333Verilog/Lab 5 Microprocessor/ASCII27Seg.sv              ;         ;
; lpm_mult.tdf                     ; yes             ; Megafunction                 ; c:/intelfpga_lite/18.1/quartus/libraries/megafunctions/lpm_mult.tdf                          ;         ;
; aglobal181.inc                   ; yes             ; Megafunction                 ; c:/intelfpga_lite/18.1/quartus/libraries/megafunctions/aglobal181.inc                        ;         ;
; lpm_add_sub.inc                  ; yes             ; Megafunction                 ; c:/intelfpga_lite/18.1/quartus/libraries/megafunctions/lpm_add_sub.inc                       ;         ;
; multcore.inc                     ; yes             ; Megafunction                 ; c:/intelfpga_lite/18.1/quartus/libraries/megafunctions/multcore.inc                          ;         ;
; bypassff.inc                     ; yes             ; Megafunction                 ; c:/intelfpga_lite/18.1/quartus/libraries/megafunctions/bypassff.inc                          ;         ;
; altshift.inc                     ; yes             ; Megafunction                 ; c:/intelfpga_lite/18.1/quartus/libraries/megafunctions/altshift.inc                          ;         ;
; db/mult_0ls.tdf                  ; yes             ; Auto-Generated Megafunction  ; C:/Users/Kyle/Documents/GitHub/EEE333Verilog/Lab 5 Microprocessor/db/mult_0ls.tdf            ;         ;
; lpm_divide.tdf                   ; yes             ; Megafunction                 ; c:/intelfpga_lite/18.1/quartus/libraries/megafunctions/lpm_divide.tdf                        ;         ;
; abs_divider.inc                  ; yes             ; Megafunction                 ; c:/intelfpga_lite/18.1/quartus/libraries/megafunctions/abs_divider.inc                       ;         ;
; sign_div_unsign.inc              ; yes             ; Megafunction                 ; c:/intelfpga_lite/18.1/quartus/libraries/megafunctions/sign_div_unsign.inc                   ;         ;
; db/lpm_divide_dsl.tdf            ; yes             ; Auto-Generated Megafunction  ; C:/Users/Kyle/Documents/GitHub/EEE333Verilog/Lab 5 Microprocessor/db/lpm_divide_dsl.tdf      ;         ;
; db/sign_div_unsign_fkh.tdf       ; yes             ; Auto-Generated Megafunction  ; C:/Users/Kyle/Documents/GitHub/EEE333Verilog/Lab 5 Microprocessor/db/sign_div_unsign_fkh.tdf ;         ;
; db/alt_u_div_8fe.tdf             ; yes             ; Auto-Generated Megafunction  ; C:/Users/Kyle/Documents/GitHub/EEE333Verilog/Lab 5 Microprocessor/db/alt_u_div_8fe.tdf       ;         ;
; db/add_sub_t3c.tdf               ; yes             ; Auto-Generated Megafunction  ; C:/Users/Kyle/Documents/GitHub/EEE333Verilog/Lab 5 Microprocessor/db/add_sub_t3c.tdf         ;         ;
; db/add_sub_u3c.tdf               ; yes             ; Auto-Generated Megafunction  ; C:/Users/Kyle/Documents/GitHub/EEE333Verilog/Lab 5 Microprocessor/db/add_sub_u3c.tdf         ;         ;
; db/lpm_divide_9sl.tdf            ; yes             ; Auto-Generated Megafunction  ; C:/Users/Kyle/Documents/GitHub/EEE333Verilog/Lab 5 Microprocessor/db/lpm_divide_9sl.tdf      ;         ;
; db/sign_div_unsign_bkh.tdf       ; yes             ; Auto-Generated Megafunction  ; C:/Users/Kyle/Documents/GitHub/EEE333Verilog/Lab 5 Microprocessor/db/sign_div_unsign_bkh.tdf ;         ;
; db/alt_u_div_0fe.tdf             ; yes             ; Auto-Generated Megafunction  ; C:/Users/Kyle/Documents/GitHub/EEE333Verilog/Lab 5 Microprocessor/db/alt_u_div_0fe.tdf       ;         ;
; db/lpm_divide_ckl.tdf            ; yes             ; Auto-Generated Megafunction  ; C:/Users/Kyle/Documents/GitHub/EEE333Verilog/Lab 5 Microprocessor/db/lpm_divide_ckl.tdf      ;         ;
+----------------------------------+-----------------+------------------------------+----------------------------------------------------------------------------------------------+---------+


+---------------------------------------------------------+
; Analysis & Synthesis Resource Usage Summary             ;
+---------------------------------------------+-----------+
; Resource                                    ; Usage     ;
+---------------------------------------------+-----------+
; Estimated Total logic elements              ; 1,047     ;
;                                             ;           ;
; Total combinational functions               ; 919       ;
; Logic element usage by number of LUT inputs ;           ;
;     -- 4 input functions                    ; 429       ;
;     -- 3 input functions                    ; 223       ;
;     -- <=2 input functions                  ; 267       ;
;                                             ;           ;
; Logic elements by mode                      ;           ;
;     -- normal mode                          ; 701       ;
;     -- arithmetic mode                      ; 218       ;
;                                             ;           ;
; Total registers                             ; 179       ;
;     -- Dedicated logic registers            ; 179       ;
;     -- I/O registers                        ; 0         ;
;                                             ;           ;
; I/O pins                                    ; 57        ;
;                                             ;           ;
; Embedded Multiplier 9-bit elements          ; 1         ;
;                                             ;           ;
; Maximum fan-out node                        ; SW0~input ;
; Maximum fan-out                             ; 179       ;
; Total fan-out                               ; 3664      ;
; Average fan-out                             ; 3.02      ;
+---------------------------------------------+-----------+


+--------------------------------------------------------------------------------------------------------------------------------------------------------------------------------------------------------------------------------------------------------------------------------------------------------------------------------------------------------------------+
; Analysis & Synthesis Resource Utilization by Entity                                                                                                                                                                                                                                                                                                                ;
+----------------------------------------------+---------------------+---------------------------+-------------+------------+--------------+---------+-----------+------+--------------+------------+---------------------------------------------------------------------------------------------------------------------------+---------------------+--------------+
; Compilation Hierarchy Node                   ; Combinational ALUTs ; Dedicated Logic Registers ; Memory Bits ; UFM Blocks ; DSP Elements ; DSP 9x9 ; DSP 18x18 ; Pins ; Virtual Pins ; ADC blocks ; Full Hierarchy Name                                                                                                       ; Entity Name         ; Library Name ;
+----------------------------------------------+---------------------+---------------------------+-------------+------------+--------------+---------+-----------+------+--------------+------------+---------------------------------------------------------------------------------------------------------------------------+---------------------+--------------+
; |lab5_pv                                     ; 919 (35)            ; 179 (0)                   ; 0           ; 0          ; 1            ; 1       ; 0         ; 57   ; 0            ; 0          ; |lab5_pv                                                                                                                  ; lab5_pv             ; work         ;
;    |ASCII27Seg:SevH0|                        ; 14 (14)             ; 0 (0)                     ; 0           ; 0          ; 0            ; 0       ; 0         ; 0    ; 0            ; 0          ; |lab5_pv|ASCII27Seg:SevH0                                                                                                 ; ASCII27Seg          ; work         ;
;    |ASCII27Seg:SevH1|                        ; 37 (37)             ; 0 (0)                     ; 0           ; 0          ; 0            ; 0       ; 0         ; 0    ; 0            ; 0          ; |lab5_pv|ASCII27Seg:SevH1                                                                                                 ; ASCII27Seg          ; work         ;
;    |ASCII27Seg:SevH2|                        ; 3 (3)               ; 0 (0)                     ; 0           ; 0          ; 0            ; 0       ; 0         ; 0    ; 0            ; 0          ; |lab5_pv|ASCII27Seg:SevH2                                                                                                 ; ASCII27Seg          ; work         ;
;    |ASCII27Seg:SevH3|                        ; 5 (5)               ; 0 (0)                     ; 0           ; 0          ; 0            ; 0       ; 0         ; 0    ; 0            ; 0          ; |lab5_pv|ASCII27Seg:SevH3                                                                                                 ; ASCII27Seg          ; work         ;
;    |ASCII27Seg:SevH4|                        ; 1 (1)               ; 0 (0)                     ; 0           ; 0          ; 0            ; 0       ; 0         ; 0    ; 0            ; 0          ; |lab5_pv|ASCII27Seg:SevH4                                                                                                 ; ASCII27Seg          ; work         ;
;    |ASCII27Seg:SevH5|                        ; 9 (9)               ; 0 (0)                     ; 0           ; 0          ; 0            ; 0       ; 0         ; 0    ; 0            ; 0          ; |lab5_pv|ASCII27Seg:SevH5                                                                                                 ; ASCII27Seg          ; work         ;
;    |lab5:lab|                                ; 458 (42)            ; 162 (18)                  ; 0           ; 0          ; 1            ; 1       ; 0         ; 0    ; 0            ; 0          ; |lab5_pv|lab5:lab                                                                                                         ; lab5                ; work         ;
;       |ALU:alu|                              ; 195 (118)           ; 0 (0)                     ; 0           ; 0          ; 1            ; 1       ; 0         ; 0    ; 0            ; 0          ; |lab5_pv|lab5:lab|ALU:alu                                                                                                 ; ALU                 ; work         ;
;          |lpm_divide:Div0|                   ; 77 (0)              ; 0 (0)                     ; 0           ; 0          ; 0            ; 0       ; 0         ; 0    ; 0            ; 0          ; |lab5_pv|lab5:lab|ALU:alu|lpm_divide:Div0                                                                                 ; lpm_divide          ; work         ;
;             |lpm_divide_dsl:auto_generated|  ; 77 (0)              ; 0 (0)                     ; 0           ; 0          ; 0            ; 0       ; 0         ; 0    ; 0            ; 0          ; |lab5_pv|lab5:lab|ALU:alu|lpm_divide:Div0|lpm_divide_dsl:auto_generated                                                   ; lpm_divide_dsl      ; work         ;
;                |sign_div_unsign_fkh:divider| ; 77 (0)              ; 0 (0)                     ; 0           ; 0          ; 0            ; 0       ; 0         ; 0    ; 0            ; 0          ; |lab5_pv|lab5:lab|ALU:alu|lpm_divide:Div0|lpm_divide_dsl:auto_generated|sign_div_unsign_fkh:divider                       ; sign_div_unsign_fkh ; work         ;
;                   |alt_u_div_8fe:divider|    ; 77 (77)             ; 0 (0)                     ; 0           ; 0          ; 0            ; 0       ; 0         ; 0    ; 0            ; 0          ; |lab5_pv|lab5:lab|ALU:alu|lpm_divide:Div0|lpm_divide_dsl:auto_generated|sign_div_unsign_fkh:divider|alt_u_div_8fe:divider ; alt_u_div_8fe       ; work         ;
;          |lpm_mult:Mult0|                    ; 0 (0)               ; 0 (0)                     ; 0           ; 0          ; 1            ; 1       ; 0         ; 0    ; 0            ; 0          ; |lab5_pv|lab5:lab|ALU:alu|lpm_mult:Mult0                                                                                  ; lpm_mult            ; work         ;
;             |mult_0ls:auto_generated|        ; 0 (0)               ; 0 (0)                     ; 0           ; 0          ; 1            ; 1       ; 0         ; 0    ; 0            ; 0          ; |lab5_pv|lab5:lab|ALU:alu|lpm_mult:Mult0|mult_0ls:auto_generated                                                          ; mult_0ls            ; work         ;
;       |ROM:Prog1|                            ; 35 (35)             ; 0 (0)                     ; 0           ; 0          ; 0            ; 0       ; 0         ; 0    ; 0            ; 0          ; |lab5_pv|lab5:lab|ROM:Prog1                                                                                               ; ROM                 ; work         ;
;       |RegFile:Reg8bit|                      ; 186 (186)           ; 144 (144)                 ; 0           ; 0          ; 0            ; 0       ; 0         ; 0    ; 0            ; 0          ; |lab5_pv|lab5:lab|RegFile:Reg8bit                                                                                         ; RegFile             ; work         ;
;    |lpm_divide:Div0|                         ; 56 (0)              ; 0 (0)                     ; 0           ; 0          ; 0            ; 0       ; 0         ; 0    ; 0            ; 0          ; |lab5_pv|lpm_divide:Div0                                                                                                  ; lpm_divide          ; work         ;
;       |lpm_divide_9sl:auto_generated|        ; 56 (0)              ; 0 (0)                     ; 0           ; 0          ; 0            ; 0       ; 0         ; 0    ; 0            ; 0          ; |lab5_pv|lpm_divide:Div0|lpm_divide_9sl:auto_generated                                                                    ; lpm_divide_9sl      ; work         ;
;          |sign_div_unsign_bkh:divider|       ; 56 (0)              ; 0 (0)                     ; 0           ; 0          ; 0            ; 0       ; 0         ; 0    ; 0            ; 0          ; |lab5_pv|lpm_divide:Div0|lpm_divide_9sl:auto_generated|sign_div_unsign_bkh:divider                                        ; sign_div_unsign_bkh ; work         ;
;             |alt_u_div_0fe:divider|          ; 56 (56)             ; 0 (0)                     ; 0           ; 0          ; 0            ; 0       ; 0         ; 0    ; 0            ; 0          ; |lab5_pv|lpm_divide:Div0|lpm_divide_9sl:auto_generated|sign_div_unsign_bkh:divider|alt_u_div_0fe:divider                  ; alt_u_div_0fe       ; work         ;
;    |lpm_divide:Div1|                         ; 56 (0)              ; 0 (0)                     ; 0           ; 0          ; 0            ; 0       ; 0         ; 0    ; 0            ; 0          ; |lab5_pv|lpm_divide:Div1                                                                                                  ; lpm_divide          ; work         ;
;       |lpm_divide_9sl:auto_generated|        ; 56 (0)              ; 0 (0)                     ; 0           ; 0          ; 0            ; 0       ; 0         ; 0    ; 0            ; 0          ; |lab5_pv|lpm_divide:Div1|lpm_divide_9sl:auto_generated                                                                    ; lpm_divide_9sl      ; work         ;
;          |sign_div_unsign_bkh:divider|       ; 56 (0)              ; 0 (0)                     ; 0           ; 0          ; 0            ; 0       ; 0         ; 0    ; 0            ; 0          ; |lab5_pv|lpm_divide:Div1|lpm_divide_9sl:auto_generated|sign_div_unsign_bkh:divider                                        ; sign_div_unsign_bkh ; work         ;
;             |alt_u_div_0fe:divider|          ; 56 (56)             ; 0 (0)                     ; 0           ; 0          ; 0            ; 0       ; 0         ; 0    ; 0            ; 0          ; |lab5_pv|lpm_divide:Div1|lpm_divide_9sl:auto_generated|sign_div_unsign_bkh:divider|alt_u_div_0fe:divider                  ; alt_u_div_0fe       ; work         ;
;    |lpm_divide:Div2|                         ; 56 (0)              ; 0 (0)                     ; 0           ; 0          ; 0            ; 0       ; 0         ; 0    ; 0            ; 0          ; |lab5_pv|lpm_divide:Div2                                                                                                  ; lpm_divide          ; work         ;
;       |lpm_divide_9sl:auto_generated|        ; 56 (0)              ; 0 (0)                     ; 0           ; 0          ; 0            ; 0       ; 0         ; 0    ; 0            ; 0          ; |lab5_pv|lpm_divide:Div2|lpm_divide_9sl:auto_generated                                                                    ; lpm_divide_9sl      ; work         ;
;          |sign_div_unsign_bkh:divider|       ; 56 (0)              ; 0 (0)                     ; 0           ; 0          ; 0            ; 0       ; 0         ; 0    ; 0            ; 0          ; |lab5_pv|lpm_divide:Div2|lpm_divide_9sl:auto_generated|sign_div_unsign_bkh:divider                                        ; sign_div_unsign_bkh ; work         ;
;             |alt_u_div_0fe:divider|          ; 56 (56)             ; 0 (0)                     ; 0           ; 0          ; 0            ; 0       ; 0         ; 0    ; 0            ; 0          ; |lab5_pv|lpm_divide:Div2|lpm_divide_9sl:auto_generated|sign_div_unsign_bkh:divider|alt_u_div_0fe:divider                  ; alt_u_div_0fe       ; work         ;
;    |lpm_divide:Mod0|                         ; 56 (0)              ; 0 (0)                     ; 0           ; 0          ; 0            ; 0       ; 0         ; 0    ; 0            ; 0          ; |lab5_pv|lpm_divide:Mod0                                                                                                  ; lpm_divide          ; work         ;
;       |lpm_divide_ckl:auto_generated|        ; 56 (0)              ; 0 (0)                     ; 0           ; 0          ; 0            ; 0       ; 0         ; 0    ; 0            ; 0          ; |lab5_pv|lpm_divide:Mod0|lpm_divide_ckl:auto_generated                                                                    ; lpm_divide_ckl      ; work         ;
;          |sign_div_unsign_bkh:divider|       ; 56 (0)              ; 0 (0)                     ; 0           ; 0          ; 0            ; 0       ; 0         ; 0    ; 0            ; 0          ; |lab5_pv|lpm_divide:Mod0|lpm_divide_ckl:auto_generated|sign_div_unsign_bkh:divider                                        ; sign_div_unsign_bkh ; work         ;
;             |alt_u_div_0fe:divider|          ; 56 (56)             ; 0 (0)                     ; 0           ; 0          ; 0            ; 0       ; 0         ; 0    ; 0            ; 0          ; |lab5_pv|lpm_divide:Mod0|lpm_divide_ckl:auto_generated|sign_div_unsign_bkh:divider|alt_u_div_0fe:divider                  ; alt_u_div_0fe       ; work         ;
;    |lpm_divide:Mod1|                         ; 56 (0)              ; 0 (0)                     ; 0           ; 0          ; 0            ; 0       ; 0         ; 0    ; 0            ; 0          ; |lab5_pv|lpm_divide:Mod1                                                                                                  ; lpm_divide          ; work         ;
;       |lpm_divide_ckl:auto_generated|        ; 56 (0)              ; 0 (0)                     ; 0           ; 0          ; 0            ; 0       ; 0         ; 0    ; 0            ; 0          ; |lab5_pv|lpm_divide:Mod1|lpm_divide_ckl:auto_generated                                                                    ; lpm_divide_ckl      ; work         ;
;          |sign_div_unsign_bkh:divider|       ; 56 (0)              ; 0 (0)                     ; 0           ; 0          ; 0            ; 0       ; 0         ; 0    ; 0            ; 0          ; |lab5_pv|lpm_divide:Mod1|lpm_divide_ckl:auto_generated|sign_div_unsign_bkh:divider                                        ; sign_div_unsign_bkh ; work         ;
;             |alt_u_div_0fe:divider|          ; 56 (56)             ; 0 (0)                     ; 0           ; 0          ; 0            ; 0       ; 0         ; 0    ; 0            ; 0          ; |lab5_pv|lpm_divide:Mod1|lpm_divide_ckl:auto_generated|sign_div_unsign_bkh:divider|alt_u_div_0fe:divider                  ; alt_u_div_0fe       ; work         ;
;    |lpm_divide:Mod2|                         ; 56 (0)              ; 0 (0)                     ; 0           ; 0          ; 0            ; 0       ; 0         ; 0    ; 0            ; 0          ; |lab5_pv|lpm_divide:Mod2                                                                                                  ; lpm_divide          ; work         ;
;       |lpm_divide_ckl:auto_generated|        ; 56 (0)              ; 0 (0)                     ; 0           ; 0          ; 0            ; 0       ; 0         ; 0    ; 0            ; 0          ; |lab5_pv|lpm_divide:Mod2|lpm_divide_ckl:auto_generated                                                                    ; lpm_divide_ckl      ; work         ;
;          |sign_div_unsign_bkh:divider|       ; 56 (0)              ; 0 (0)                     ; 0           ; 0          ; 0            ; 0       ; 0         ; 0    ; 0            ; 0          ; |lab5_pv|lpm_divide:Mod2|lpm_divide_ckl:auto_generated|sign_div_unsign_bkh:divider                                        ; sign_div_unsign_bkh ; work         ;
;             |alt_u_div_0fe:divider|          ; 56 (56)             ; 0 (0)                     ; 0           ; 0          ; 0            ; 0       ; 0         ; 0    ; 0            ; 0          ; |lab5_pv|lpm_divide:Mod2|lpm_divide_ckl:auto_generated|sign_div_unsign_bkh:divider|alt_u_div_0fe:divider                  ; alt_u_div_0fe       ; work         ;
;    |pmcntr:MHz50toHz1k|                      ; 21 (21)             ; 17 (17)                   ; 0           ; 0          ; 0            ; 0       ; 0         ; 0    ; 0            ; 0          ; |lab5_pv|pmcntr:MHz50toHz1k                                                                                               ; pmcntr              ; work         ;
+----------------------------------------------+---------------------+---------------------------+-------------+------------+--------------+---------+-----------+------+--------------+------------+---------------------------------------------------------------------------------------------------------------------------+---------------------+--------------+
Note: For table entries with two numbers listed, the numbers in parentheses indicate the number of resources of the given type used by the specific entity alone. The numbers listed outside of parentheses indicate the total resources of the given type used by the specific entity and all of its sub-entities in the hierarchy.


+-----------------------------------------------------+
; Analysis & Synthesis DSP Block Usage Summary        ;
+---------------------------------------+-------------+
; Statistic                             ; Number Used ;
+---------------------------------------+-------------+
; Simple Multipliers (9-bit)            ; 1           ;
; Simple Multipliers (18-bit)           ; 0           ;
; Embedded Multiplier Blocks            ; --          ;
; Embedded Multiplier 9-bit elements    ; 1           ;
; Signed Embedded Multipliers           ; 0           ;
; Unsigned Embedded Multipliers         ; 1           ;
; Mixed Sign Embedded Multipliers       ; 0           ;
; Variable Sign Embedded Multipliers    ; 0           ;
; Dedicated Input Shift Register Chains ; 0           ;
+---------------------------------------+-------------+
Note: number of Embedded Multiplier Blocks used is only available after a successful fit.


+------------------------------------------------------+
; General Register Statistics                          ;
+----------------------------------------------+-------+
; Statistic                                    ; Value ;
+----------------------------------------------+-------+
; Total registers                              ; 179   ;
; Number of registers using Synchronous Clear  ; 16    ;
; Number of registers using Synchronous Load   ; 8     ;
; Number of registers using Asynchronous Clear ; 179   ;
; Number of registers using Asynchronous Load  ; 0     ;
; Number of registers using Clock Enable       ; 132   ;
; Number of registers using Preset             ; 0     ;
+----------------------------------------------+-------+


+-----------------------------------------------------------------------------------------------------------------------------------------------------------------+
; Multiplexer Restructuring Statistics (Restructuring Performed)                                                                                                  ;
+--------------------+-----------+---------------+----------------------+------------------------+------------+---------------------------------------------------+
; Multiplexer Inputs ; Bus Width ; Baseline Area ; Area if Restructured ; Saving if Restructured ; Registered ; Example Multiplexer Output                        ;
+--------------------+-----------+---------------+----------------------+------------------------+------------+---------------------------------------------------+
; 4:1                ; 8 bits    ; 16 LEs        ; 16 LEs               ; 0 LEs                  ; Yes        ; |lab5_pv|lab5:lab|PC[2]                           ;
; 16:1               ; 8 bits    ; 80 LEs        ; 80 LEs               ; 0 LEs                  ; Yes        ; |lab5_pv|lab5:lab|RegFile:Reg8bit|RF_data_out1[6] ;
; 16:1               ; 8 bits    ; 80 LEs        ; 80 LEs               ; 0 LEs                  ; Yes        ; |lab5_pv|lab5:lab|RegFile:Reg8bit|RF_data_out0[5] ;
; 3:1                ; 2 bits    ; 4 LEs         ; 4 LEs                ; 0 LEs                  ; No         ; |lab5_pv|seg[3][5]                                ;
; 8:1                ; 2 bits    ; 10 LEs        ; 10 LEs               ; 0 LEs                  ; No         ; |lab5_pv|seg[2][0]                                ;
; 8:1                ; 9 bits    ; 45 LEs        ; 45 LEs               ; 0 LEs                  ; No         ; |lab5_pv|seg[1][2]                                ;
; 8:1                ; 2 bits    ; 10 LEs        ; 8 LEs                ; 2 LEs                  ; No         ; |lab5_pv|seg[0][0]                                ;
; 16:1               ; 6 bits    ; 60 LEs        ; 48 LEs               ; 12 LEs                 ; No         ; |lab5_pv|lab5:lab|ALU:alu|Mux4                    ;
+--------------------+-----------+---------------+----------------------+------------------------+------------+---------------------------------------------------+


+-----------------------------------------------------------------+
; Parameter Settings for User Entity Instance: pmcntr:MHz50toHz1k ;
+----------------+-------+----------------------------------------+
; Parameter Name ; Value ; Type                                   ;
+----------------+-------+----------------------------------------+
; siz            ; 16    ; Signed Integer                         ;
+----------------+-------+----------------------------------------+
Note: In order to hide this table in the UI and the text report file, please set the "Show Parameter Settings in Synthesis Report" option in "Analysis and Synthesis Settings -> More Settings" to "Off".


+----------------------------------------------------------------------------------+
; Parameter Settings for Inferred Entity Instance: lab5:lab|ALU:alu|lpm_mult:Mult0 ;
+------------------------------------------------+----------+----------------------+
; Parameter Name                                 ; Value    ; Type                 ;
+------------------------------------------------+----------+----------------------+
; AUTO_CARRY_CHAINS                              ; ON       ; AUTO_CARRY           ;
; IGNORE_CARRY_BUFFERS                           ; OFF      ; IGNORE_CARRY         ;
; AUTO_CASCADE_CHAINS                            ; ON       ; AUTO_CASCADE         ;
; IGNORE_CASCADE_BUFFERS                         ; OFF      ; IGNORE_CASCADE       ;
; LPM_WIDTHA                                     ; 8        ; Untyped              ;
; LPM_WIDTHB                                     ; 8        ; Untyped              ;
; LPM_WIDTHP                                     ; 16       ; Untyped              ;
; LPM_WIDTHR                                     ; 16       ; Untyped              ;
; LPM_WIDTHS                                     ; 1        ; Untyped              ;
; LPM_REPRESENTATION                             ; UNSIGNED ; Untyped              ;
; LPM_PIPELINE                                   ; 0        ; Untyped              ;
; LATENCY                                        ; 0        ; Untyped              ;
; INPUT_A_IS_CONSTANT                            ; NO       ; Untyped              ;
; INPUT_B_IS_CONSTANT                            ; NO       ; Untyped              ;
; USE_EAB                                        ; OFF      ; Untyped              ;
; MAXIMIZE_SPEED                                 ; 5        ; Untyped              ;
; DEVICE_FAMILY                                  ; MAX 10   ; Untyped              ;
; CARRY_CHAIN                                    ; MANUAL   ; Untyped              ;
; APEX20K_TECHNOLOGY_MAPPER                      ; LUT      ; TECH_MAPPER_APEX20K  ;
; DEDICATED_MULTIPLIER_CIRCUITRY                 ; AUTO     ; Untyped              ;
; DEDICATED_MULTIPLIER_MIN_INPUT_WIDTH_FOR_AUTO  ; 0        ; Untyped              ;
; DEDICATED_MULTIPLIER_MIN_OUTPUT_WIDTH_FOR_AUTO ; 0        ; Untyped              ;
; CBXI_PARAMETER                                 ; mult_0ls ; Untyped              ;
; INPUT_A_FIXED_VALUE                            ; Bx       ; Untyped              ;
; INPUT_B_FIXED_VALUE                            ; Bx       ; Untyped              ;
; USE_AHDL_IMPLEMENTATION                        ; OFF      ; Untyped              ;
+------------------------------------------------+----------+----------------------+
Note: In order to hide this table in the UI and the text report file, please set the "Show Parameter Settings in Synthesis Report" option in "Analysis and Synthesis Settings -> More Settings" to "Off".


+-----------------------------------------------------------------------------------+
; Parameter Settings for Inferred Entity Instance: lab5:lab|ALU:alu|lpm_divide:Div0 ;
+------------------------+----------------+-----------------------------------------+
; Parameter Name         ; Value          ; Type                                    ;
+------------------------+----------------+-----------------------------------------+
; LPM_WIDTHN             ; 8              ; Untyped                                 ;
; LPM_WIDTHD             ; 8              ; Untyped                                 ;
; LPM_NREPRESENTATION    ; UNSIGNED       ; Untyped                                 ;
; LPM_DREPRESENTATION    ; UNSIGNED       ; Untyped                                 ;
; LPM_PIPELINE           ; 0              ; Untyped                                 ;
; LPM_REMAINDERPOSITIVE  ; TRUE           ; Untyped                                 ;
; MAXIMIZE_SPEED         ; 5              ; Untyped                                 ;
; CBXI_PARAMETER         ; lpm_divide_dsl ; Untyped                                 ;
; CARRY_CHAIN            ; MANUAL         ; Untyped                                 ;
; OPTIMIZE_FOR_SPEED     ; 5              ; Untyped                                 ;
; AUTO_CARRY_CHAINS      ; ON             ; AUTO_CARRY                              ;
; IGNORE_CARRY_BUFFERS   ; OFF            ; IGNORE_CARRY                            ;
; AUTO_CASCADE_CHAINS    ; ON             ; AUTO_CASCADE                            ;
; IGNORE_CASCADE_BUFFERS ; OFF            ; IGNORE_CASCADE                          ;
+------------------------+----------------+-----------------------------------------+
Note: In order to hide this table in the UI and the text report file, please set the "Show Parameter Settings in Synthesis Report" option in "Analysis and Synthesis Settings -> More Settings" to "Off".


+------------------------------------------------------------------+
; Parameter Settings for Inferred Entity Instance: lpm_divide:Div2 ;
+------------------------+----------------+------------------------+
; Parameter Name         ; Value          ; Type                   ;
+------------------------+----------------+------------------------+
; LPM_WIDTHN             ; 8              ; Untyped                ;
; LPM_WIDTHD             ; 4              ; Untyped                ;
; LPM_NREPRESENTATION    ; UNSIGNED       ; Untyped                ;
; LPM_DREPRESENTATION    ; UNSIGNED       ; Untyped                ;
; LPM_PIPELINE           ; 0              ; Untyped                ;
; LPM_REMAINDERPOSITIVE  ; TRUE           ; Untyped                ;
; MAXIMIZE_SPEED         ; 5              ; Untyped                ;
; CBXI_PARAMETER         ; lpm_divide_9sl ; Untyped                ;
; CARRY_CHAIN            ; MANUAL         ; Untyped                ;
; OPTIMIZE_FOR_SPEED     ; 5              ; Untyped                ;
; AUTO_CARRY_CHAINS      ; ON             ; AUTO_CARRY             ;
; IGNORE_CARRY_BUFFERS   ; OFF            ; IGNORE_CARRY           ;
; AUTO_CASCADE_CHAINS    ; ON             ; AUTO_CASCADE           ;
; IGNORE_CASCADE_BUFFERS ; OFF            ; IGNORE_CASCADE         ;
+------------------------+----------------+------------------------+
Note: In order to hide this table in the UI and the text report file, please set the "Show Parameter Settings in Synthesis Report" option in "Analysis and Synthesis Settings -> More Settings" to "Off".


+------------------------------------------------------------------+
; Parameter Settings for Inferred Entity Instance: lpm_divide:Div1 ;
+------------------------+----------------+------------------------+
; Parameter Name         ; Value          ; Type                   ;
+------------------------+----------------+------------------------+
; LPM_WIDTHN             ; 8              ; Untyped                ;
; LPM_WIDTHD             ; 4              ; Untyped                ;
; LPM_NREPRESENTATION    ; UNSIGNED       ; Untyped                ;
; LPM_DREPRESENTATION    ; UNSIGNED       ; Untyped                ;
; LPM_PIPELINE           ; 0              ; Untyped                ;
; LPM_REMAINDERPOSITIVE  ; TRUE           ; Untyped                ;
; MAXIMIZE_SPEED         ; 5              ; Untyped                ;
; CBXI_PARAMETER         ; lpm_divide_9sl ; Untyped                ;
; CARRY_CHAIN            ; MANUAL         ; Untyped                ;
; OPTIMIZE_FOR_SPEED     ; 5              ; Untyped                ;
; AUTO_CARRY_CHAINS      ; ON             ; AUTO_CARRY             ;
; IGNORE_CARRY_BUFFERS   ; OFF            ; IGNORE_CARRY           ;
; AUTO_CASCADE_CHAINS    ; ON             ; AUTO_CASCADE           ;
; IGNORE_CASCADE_BUFFERS ; OFF            ; IGNORE_CASCADE         ;
+------------------------+----------------+------------------------+
Note: In order to hide this table in the UI and the text report file, please set the "Show Parameter Settings in Synthesis Report" option in "Analysis and Synthesis Settings -> More Settings" to "Off".


+------------------------------------------------------------------+
; Parameter Settings for Inferred Entity Instance: lpm_divide:Div0 ;
+------------------------+----------------+------------------------+
; Parameter Name         ; Value          ; Type                   ;
+------------------------+----------------+------------------------+
; LPM_WIDTHN             ; 8              ; Untyped                ;
; LPM_WIDTHD             ; 4              ; Untyped                ;
; LPM_NREPRESENTATION    ; UNSIGNED       ; Untyped                ;
; LPM_DREPRESENTATION    ; UNSIGNED       ; Untyped                ;
; LPM_PIPELINE           ; 0              ; Untyped                ;
; LPM_REMAINDERPOSITIVE  ; TRUE           ; Untyped                ;
; MAXIMIZE_SPEED         ; 5              ; Untyped                ;
; CBXI_PARAMETER         ; lpm_divide_9sl ; Untyped                ;
; CARRY_CHAIN            ; MANUAL         ; Untyped                ;
; OPTIMIZE_FOR_SPEED     ; 5              ; Untyped                ;
; AUTO_CARRY_CHAINS      ; ON             ; AUTO_CARRY             ;
; IGNORE_CARRY_BUFFERS   ; OFF            ; IGNORE_CARRY           ;
; AUTO_CASCADE_CHAINS    ; ON             ; AUTO_CASCADE           ;
; IGNORE_CASCADE_BUFFERS ; OFF            ; IGNORE_CASCADE         ;
+------------------------+----------------+------------------------+
Note: In order to hide this table in the UI and the text report file, please set the "Show Parameter Settings in Synthesis Report" option in "Analysis and Synthesis Settings -> More Settings" to "Off".


+------------------------------------------------------------------+
; Parameter Settings for Inferred Entity Instance: lpm_divide:Mod2 ;
+------------------------+----------------+------------------------+
; Parameter Name         ; Value          ; Type                   ;
+------------------------+----------------+------------------------+
; LPM_WIDTHN             ; 8              ; Untyped                ;
; LPM_WIDTHD             ; 4              ; Untyped                ;
; LPM_NREPRESENTATION    ; UNSIGNED       ; Untyped                ;
; LPM_DREPRESENTATION    ; UNSIGNED       ; Untyped                ;
; LPM_PIPELINE           ; 0              ; Untyped                ;
; LPM_REMAINDERPOSITIVE  ; TRUE           ; Untyped                ;
; MAXIMIZE_SPEED         ; 5              ; Untyped                ;
; CBXI_PARAMETER         ; lpm_divide_ckl ; Untyped                ;
; CARRY_CHAIN            ; MANUAL         ; Untyped                ;
; OPTIMIZE_FOR_SPEED     ; 5              ; Untyped                ;
; AUTO_CARRY_CHAINS      ; ON             ; AUTO_CARRY             ;
; IGNORE_CARRY_BUFFERS   ; OFF            ; IGNORE_CARRY           ;
; AUTO_CASCADE_CHAINS    ; ON             ; AUTO_CASCADE           ;
; IGNORE_CASCADE_BUFFERS ; OFF            ; IGNORE_CASCADE         ;
+------------------------+----------------+------------------------+
Note: In order to hide this table in the UI and the text report file, please set the "Show Parameter Settings in Synthesis Report" option in "Analysis and Synthesis Settings -> More Settings" to "Off".


+------------------------------------------------------------------+
; Parameter Settings for Inferred Entity Instance: lpm_divide:Mod1 ;
+------------------------+----------------+------------------------+
; Parameter Name         ; Value          ; Type                   ;
+------------------------+----------------+------------------------+
; LPM_WIDTHN             ; 8              ; Untyped                ;
; LPM_WIDTHD             ; 4              ; Untyped                ;
; LPM_NREPRESENTATION    ; UNSIGNED       ; Untyped                ;
; LPM_DREPRESENTATION    ; UNSIGNED       ; Untyped                ;
; LPM_PIPELINE           ; 0              ; Untyped                ;
; LPM_REMAINDERPOSITIVE  ; TRUE           ; Untyped                ;
; MAXIMIZE_SPEED         ; 5              ; Untyped                ;
; CBXI_PARAMETER         ; lpm_divide_ckl ; Untyped                ;
; CARRY_CHAIN            ; MANUAL         ; Untyped                ;
; OPTIMIZE_FOR_SPEED     ; 5              ; Untyped                ;
; AUTO_CARRY_CHAINS      ; ON             ; AUTO_CARRY             ;
; IGNORE_CARRY_BUFFERS   ; OFF            ; IGNORE_CARRY           ;
; AUTO_CASCADE_CHAINS    ; ON             ; AUTO_CASCADE           ;
; IGNORE_CASCADE_BUFFERS ; OFF            ; IGNORE_CASCADE         ;
+------------------------+----------------+------------------------+
Note: In order to hide this table in the UI and the text report file, please set the "Show Parameter Settings in Synthesis Report" option in "Analysis and Synthesis Settings -> More Settings" to "Off".


+------------------------------------------------------------------+
; Parameter Settings for Inferred Entity Instance: lpm_divide:Mod0 ;
+------------------------+----------------+------------------------+
; Parameter Name         ; Value          ; Type                   ;
+------------------------+----------------+------------------------+
; LPM_WIDTHN             ; 8              ; Untyped                ;
; LPM_WIDTHD             ; 4              ; Untyped                ;
; LPM_NREPRESENTATION    ; UNSIGNED       ; Untyped                ;
; LPM_DREPRESENTATION    ; UNSIGNED       ; Untyped                ;
; LPM_PIPELINE           ; 0              ; Untyped                ;
; LPM_REMAINDERPOSITIVE  ; TRUE           ; Untyped                ;
; MAXIMIZE_SPEED         ; 5              ; Untyped                ;
; CBXI_PARAMETER         ; lpm_divide_ckl ; Untyped                ;
; CARRY_CHAIN            ; MANUAL         ; Untyped                ;
; OPTIMIZE_FOR_SPEED     ; 5              ; Untyped                ;
; AUTO_CARRY_CHAINS      ; ON             ; AUTO_CARRY             ;
; IGNORE_CARRY_BUFFERS   ; OFF            ; IGNORE_CARRY           ;
; AUTO_CASCADE_CHAINS    ; ON             ; AUTO_CASCADE           ;
; IGNORE_CASCADE_BUFFERS ; OFF            ; IGNORE_CASCADE         ;
+------------------------+----------------+------------------------+
Note: In order to hide this table in the UI and the text report file, please set the "Show Parameter Settings in Synthesis Report" option in "Analysis and Synthesis Settings -> More Settings" to "Off".


+-------------------------------------------------------------------------+
; lpm_mult Parameter Settings by Entity Instance                          ;
+---------------------------------------+---------------------------------+
; Name                                  ; Value                           ;
+---------------------------------------+---------------------------------+
; Number of entity instances            ; 1                               ;
; Entity Instance                       ; lab5:lab|ALU:alu|lpm_mult:Mult0 ;
;     -- LPM_WIDTHA                     ; 8                               ;
;     -- LPM_WIDTHB                     ; 8                               ;
;     -- LPM_WIDTHP                     ; 16                              ;
;     -- LPM_REPRESENTATION             ; UNSIGNED                        ;
;     -- INPUT_A_IS_CONSTANT            ; NO                              ;
;     -- INPUT_B_IS_CONSTANT            ; NO                              ;
;     -- USE_EAB                        ; OFF                             ;
;     -- DEDICATED_MULTIPLIER_CIRCUITRY ; AUTO                            ;
;     -- INPUT_A_FIXED_VALUE            ; Bx                              ;
;     -- INPUT_B_FIXED_VALUE            ; Bx                              ;
+---------------------------------------+---------------------------------+


+------------------------------------------------+
; Port Connectivity Checks: "ASCII27Seg:SevH5"   ;
+--------------+-------+----------+--------------+
; Port         ; Type  ; Severity ; Details      ;
+--------------+-------+----------+--------------+
; AsciiCode[7] ; Input ; Info     ; Stuck at GND ;
+--------------+-------+----------+--------------+


+------------------------------------------------+
; Port Connectivity Checks: "ASCII27Seg:SevH4"   ;
+--------------+-------+----------+--------------+
; Port         ; Type  ; Severity ; Details      ;
+--------------+-------+----------+--------------+
; AsciiCode[7] ; Input ; Info     ; Stuck at GND ;
+--------------+-------+----------+--------------+


+------------------------------------------------+
; Port Connectivity Checks: "ASCII27Seg:SevH3"   ;
+--------------+-------+----------+--------------+
; Port         ; Type  ; Severity ; Details      ;
+--------------+-------+----------+--------------+
; AsciiCode[7] ; Input ; Info     ; Stuck at GND ;
; AsciiCode[3] ; Input ; Info     ; Stuck at GND ;
; AsciiCode[1] ; Input ; Info     ; Stuck at GND ;
+--------------+-------+----------+--------------+


+------------------------------------------------+
; Port Connectivity Checks: "ASCII27Seg:SevH2"   ;
+--------------+-------+----------+--------------+
; Port         ; Type  ; Severity ; Details      ;
+--------------+-------+----------+--------------+
; AsciiCode[7] ; Input ; Info     ; Stuck at GND ;
; AsciiCode[3] ; Input ; Info     ; Stuck at GND ;
+--------------+-------+----------+--------------+


+---------------------------------------------------+
; Port Connectivity Checks: "ASCII27Seg:SevH0"      ;
+-----------------+-------+----------+--------------+
; Port            ; Type  ; Severity ; Details      ;
+-----------------+-------+----------+--------------+
; AsciiCode[7..6] ; Input ; Info     ; Stuck at GND ;
; AsciiCode[4]    ; Input ; Info     ; Stuck at GND ;
+-----------------+-------+----------+--------------+


+-----------------------------------------------------------------------------------------------------------------+
; Port Connectivity Checks: "lab5:lab"                                                                            ;
+-------+--------+----------+-------------------------------------------------------------------------------------+
; Port  ; Type   ; Severity ; Details                                                                             ;
+-------+--------+----------+-------------------------------------------------------------------------------------+
; State ; Output ; Info     ; Connected to dangling logic. Logic that only feeds a dangling port will be removed. ;
; Cout  ; Output ; Info     ; Connected to dangling logic. Logic that only feeds a dangling port will be removed. ;
; OF    ; Output ; Info     ; Connected to dangling logic. Logic that only feeds a dangling port will be removed. ;
+-------+--------+----------+-------------------------------------------------------------------------------------+


+-----------------------------------------------------------------------------------------------------------------------------+
; Port Connectivity Checks: "pmcntr:MHz50toHz1k"                                                                              ;
+-------------------+--------+----------+-------------------------------------------------------------------------------------+
; Port              ; Type   ; Severity ; Details                                                                             ;
+-------------------+--------+----------+-------------------------------------------------------------------------------------+
; count_max[15..14] ; Input  ; Info     ; Stuck at VCC                                                                        ;
; count_max[9..8]   ; Input  ; Info     ; Stuck at VCC                                                                        ;
; count_max[13..10] ; Input  ; Info     ; Stuck at GND                                                                        ;
; count_max[3..0]   ; Input  ; Info     ; Stuck at GND                                                                        ;
; count_max[7]      ; Input  ; Info     ; Stuck at GND                                                                        ;
; count_max[6]      ; Input  ; Info     ; Stuck at VCC                                                                        ;
; count_max[5]      ; Input  ; Info     ; Stuck at GND                                                                        ;
; count_max[4]      ; Input  ; Info     ; Stuck at VCC                                                                        ;
; count             ; Output ; Info     ; Connected to dangling logic. Logic that only feeds a dangling port will be removed. ;
+-------------------+--------+----------+-------------------------------------------------------------------------------------+


+-----------------------------------------------------+
; Post-Synthesis Netlist Statistics for Top Partition ;
+-----------------------+-----------------------------+
; Type                  ; Count                       ;
+-----------------------+-----------------------------+
; boundary_port         ; 57                          ;
; cycloneiii_ff         ; 179                         ;
;     CLR               ; 27                          ;
;     CLR SCLR          ; 16                          ;
;     CLR SLD           ; 4                           ;
;     ENA CLR           ; 128                         ;
;     ENA CLR SLD       ; 4                           ;
; cycloneiii_lcell_comb ; 929                         ;
;     arith             ; 218                         ;
;         2 data inputs ; 60                          ;
;         3 data inputs ; 158                         ;
;     normal            ; 711                         ;
;         0 data inputs ; 37                          ;
;         1 data inputs ; 16                          ;
;         2 data inputs ; 164                         ;
;         3 data inputs ; 65                          ;
;         4 data inputs ; 429                         ;
; cycloneiii_mac_mult   ; 1                           ;
; cycloneiii_mac_out    ; 1                           ;
;                       ;                             ;
; Max LUT depth         ; 26.10                       ;
; Average LUT depth     ; 14.40                       ;
+-----------------------+-----------------------------+


+-------------------------------+
; Elapsed Time Per Partition    ;
+----------------+--------------+
; Partition Name ; Elapsed Time ;
+----------------+--------------+
; Top            ; 00:00:03     ;
+----------------+--------------+


+-------------------------------+
; Analysis & Synthesis Messages ;
+-------------------------------+
Info: *******************************************************************
Info: Running Quartus Prime Analysis & Synthesis
    Info: Version 18.1.0 Build 625 09/12/2018 SJ Lite Edition
    Info: Processing started: Tue Jul 05 19:34:14 2022
Info: Command: quartus_map --read_settings_files=on --write_settings_files=off lab5_pv -c lab5_pv
Info (125069): Default assignment values were changed in the current version of the Quartus Prime software -- changes to default assignments values are contained in file c:/intelfpga_lite/18.1/quartus/bin64/assignment_defaults.qdf
Warning (18236): Number of processors has not been specified which may cause overloading on shared machines.  Set the global assignment NUM_PARALLEL_PROCESSORS in your QSF to an appropriate value for best performance.
Info (20030): Parallel compilation is enabled and will use 4 of the 4 processors detected
Info (12021): Found 6 design units, including 6 entities, in source file lab5_pv.sv
    Info (12023): Found entity 1: lab5_pv File: C:/Users/Kyle/Documents/GitHub/EEE333Verilog/Lab 5 Microprocessor/lab5_pv.sv Line: 7
    Info (12023): Found entity 2: lab5 File: C:/Users/Kyle/Documents/GitHub/EEE333Verilog/Lab 5 Microprocessor/lab5_pv.sv Line: 112
    Info (12023): Found entity 3: ALU File: C:/Users/Kyle/Documents/GitHub/EEE333Verilog/Lab 5 Microprocessor/lab5_pv.sv Line: 248
    Info (12023): Found entity 4: RegFile File: C:/Users/Kyle/Documents/GitHub/EEE333Verilog/Lab 5 Microprocessor/lab5_pv.sv Line: 310
    Info (12023): Found entity 5: ROM File: C:/Users/Kyle/Documents/GitHub/EEE333Verilog/Lab 5 Microprocessor/lab5_pv.sv Line: 343
    Info (12023): Found entity 6: pmcntr File: C:/Users/Kyle/Documents/GitHub/EEE333Verilog/Lab 5 Microprocessor/lab5_pv.sv Line: 372
Info (12021): Found 1 design units, including 1 entities, in source file ascii27seg.sv
    Info (12023): Found entity 1: ASCII27Seg File: C:/Users/Kyle/Documents/GitHub/EEE333Verilog/Lab 5 Microprocessor/ASCII27Seg.sv Line: 1
Info (12021): Found 1 design units, including 1 entities, in source file de10_lite_golden_top.v
    Info (12023): Found entity 1: DE10_LITE_Golden_Top File: C:/Users/Kyle/Documents/GitHub/EEE333Verilog/Lab 5 Microprocessor/DE10_LITE_Golden_Top.v Line: 29
Info (12127): Elaborating entity "lab5_pv" for the top level hierarchy
Info (12128): Elaborating entity "pmcntr" for hierarchy "pmcntr:MHz50toHz1k" File: C:/Users/Kyle/Documents/GitHub/EEE333Verilog/Lab 5 Microprocessor/lab5_pv.sv Line: 19
Info (12128): Elaborating entity "lab5" for hierarchy "lab5:lab" File: C:/Users/Kyle/Documents/GitHub/EEE333Verilog/Lab 5 Microprocessor/lab5_pv.sv Line: 21
Info (12128): Elaborating entity "ROM" for hierarchy "lab5:lab|ROM:Prog1" File: C:/Users/Kyle/Documents/GitHub/EEE333Verilog/Lab 5 Microprocessor/lab5_pv.sv Line: 136
Info (12128): Elaborating entity "RegFile" for hierarchy "lab5:lab|RegFile:Reg8bit" File: C:/Users/Kyle/Documents/GitHub/EEE333Verilog/Lab 5 Microprocessor/lab5_pv.sv Line: 139
Info (12128): Elaborating entity "ALU" for hierarchy "lab5:lab|ALU:alu" File: C:/Users/Kyle/Documents/GitHub/EEE333Verilog/Lab 5 Microprocessor/lab5_pv.sv Line: 142
Info (12128): Elaborating entity "ASCII27Seg" for hierarchy "ASCII27Seg:SevH0" File: C:/Users/Kyle/Documents/GitHub/EEE333Verilog/Lab 5 Microprocessor/lab5_pv.sv Line: 91
Warning (19016): Clock multiplexers are found and protected
    Warning (19017): Found clock multiplexer clockStepOrAuto File: C:/Users/Kyle/Documents/GitHub/EEE333Verilog/Lab 5 Microprocessor/lab5_pv.sv Line: 13
Info (278001): Inferred 8 megafunctions from design logic
    Info (278003): Inferred multiplier megafunction ("lpm_mult") from the following logic: "lab5:lab|ALU:alu|Mult0" File: C:/Users/Kyle/Documents/GitHub/EEE333Verilog/Lab 5 Microprocessor/lab5_pv.sv Line: 271
    Info (278004): Inferred divider/modulo megafunction ("lpm_divide") from the following logic: "lab5:lab|ALU:alu|Div0" File: C:/Users/Kyle/Documents/GitHub/EEE333Verilog/Lab 5 Microprocessor/lab5_pv.sv Line: 268
    Info (278004): Inferred divider/modulo megafunction ("lpm_divide") from the following logic: "Div2" File: C:/Users/Kyle/Documents/GitHub/EEE333Verilog/Lab 5 Microprocessor/lab5_pv.sv Line: 70
    Info (278004): Inferred divider/modulo megafunction ("lpm_divide") from the following logic: "Div1" File: C:/Users/Kyle/Documents/GitHub/EEE333Verilog/Lab 5 Microprocessor/lab5_pv.sv Line: 62
    Info (278004): Inferred divider/modulo megafunction ("lpm_divide") from the following logic: "Div0" File: C:/Users/Kyle/Documents/GitHub/EEE333Verilog/Lab 5 Microprocessor/lab5_pv.sv Line: 54
    Info (278004): Inferred divider/modulo megafunction ("lpm_divide") from the following logic: "Mod2" File: C:/Users/Kyle/Documents/GitHub/EEE333Verilog/Lab 5 Microprocessor/lab5_pv.sv Line: 71
    Info (278004): Inferred divider/modulo megafunction ("lpm_divide") from the following logic: "Mod1" File: C:/Users/Kyle/Documents/GitHub/EEE333Verilog/Lab 5 Microprocessor/lab5_pv.sv Line: 63
    Info (278004): Inferred divider/modulo megafunction ("lpm_divide") from the following logic: "Mod0" File: C:/Users/Kyle/Documents/GitHub/EEE333Verilog/Lab 5 Microprocessor/lab5_pv.sv Line: 55
Info (12130): Elaborated megafunction instantiation "lab5:lab|ALU:alu|lpm_mult:Mult0" File: C:/Users/Kyle/Documents/GitHub/EEE333Verilog/Lab 5 Microprocessor/lab5_pv.sv Line: 271
Info (12133): Instantiated megafunction "lab5:lab|ALU:alu|lpm_mult:Mult0" with the following parameter: File: C:/Users/Kyle/Documents/GitHub/EEE333Verilog/Lab 5 Microprocessor/lab5_pv.sv Line: 271
    Info (12134): Parameter "LPM_WIDTHA" = "8"
    Info (12134): Parameter "LPM_WIDTHB" = "8"
    Info (12134): Parameter "LPM_WIDTHP" = "16"
    Info (12134): Parameter "LPM_WIDTHR" = "16"
    Info (12134): Parameter "LPM_WIDTHS" = "1"
    Info (12134): Parameter "LPM_REPRESENTATION" = "UNSIGNED"
    Info (12134): Parameter "INPUT_A_IS_CONSTANT" = "NO"
    Info (12134): Parameter "INPUT_B_IS_CONSTANT" = "NO"
    Info (12134): Parameter "MAXIMIZE_SPEED" = "5"
Info (12021): Found 1 design units, including 1 entities, in source file db/mult_0ls.tdf
    Info (12023): Found entity 1: mult_0ls File: C:/Users/Kyle/Documents/GitHub/EEE333Verilog/Lab 5 Microprocessor/db/mult_0ls.tdf Line: 28
Info (12130): Elaborated megafunction instantiation "lab5:lab|ALU:alu|lpm_divide:Div0" File: C:/Users/Kyle/Documents/GitHub/EEE333Verilog/Lab 5 Microprocessor/lab5_pv.sv Line: 268
Info (12133): Instantiated megafunction "lab5:lab|ALU:alu|lpm_divide:Div0" with the following parameter: File: C:/Users/Kyle/Documents/GitHub/EEE333Verilog/Lab 5 Microprocessor/lab5_pv.sv Line: 268
    Info (12134): Parameter "LPM_WIDTHN" = "8"
    Info (12134): Parameter "LPM_WIDTHD" = "8"
    Info (12134): Parameter "LPM_NREPRESENTATION" = "UNSIGNED"
    Info (12134): Parameter "LPM_DREPRESENTATION" = "UNSIGNED"
Info (12021): Found 1 design units, including 1 entities, in source file db/lpm_divide_dsl.tdf
    Info (12023): Found entity 1: lpm_divide_dsl File: C:/Users/Kyle/Documents/GitHub/EEE333Verilog/Lab 5 Microprocessor/db/lpm_divide_dsl.tdf Line: 24
Info (12021): Found 1 design units, including 1 entities, in source file db/sign_div_unsign_fkh.tdf
    Info (12023): Found entity 1: sign_div_unsign_fkh File: C:/Users/Kyle/Documents/GitHub/EEE333Verilog/Lab 5 Microprocessor/db/sign_div_unsign_fkh.tdf Line: 24
Info (12021): Found 1 design units, including 1 entities, in source file db/alt_u_div_8fe.tdf
    Info (12023): Found entity 1: alt_u_div_8fe File: C:/Users/Kyle/Documents/GitHub/EEE333Verilog/Lab 5 Microprocessor/db/alt_u_div_8fe.tdf Line: 26
Info (12021): Found 1 design units, including 1 entities, in source file db/add_sub_t3c.tdf
    Info (12023): Found entity 1: add_sub_t3c File: C:/Users/Kyle/Documents/GitHub/EEE333Verilog/Lab 5 Microprocessor/db/add_sub_t3c.tdf Line: 22
Info (12021): Found 1 design units, including 1 entities, in source file db/add_sub_u3c.tdf
    Info (12023): Found entity 1: add_sub_u3c File: C:/Users/Kyle/Documents/GitHub/EEE333Verilog/Lab 5 Microprocessor/db/add_sub_u3c.tdf Line: 22
Info (12130): Elaborated megafunction instantiation "lpm_divide:Div2" File: C:/Users/Kyle/Documents/GitHub/EEE333Verilog/Lab 5 Microprocessor/lab5_pv.sv Line: 70
Info (12133): Instantiated megafunction "lpm_divide:Div2" with the following parameter: File: C:/Users/Kyle/Documents/GitHub/EEE333Verilog/Lab 5 Microprocessor/lab5_pv.sv Line: 70
    Info (12134): Parameter "LPM_WIDTHN" = "8"
    Info (12134): Parameter "LPM_WIDTHD" = "4"
    Info (12134): Parameter "LPM_NREPRESENTATION" = "UNSIGNED"
    Info (12134): Parameter "LPM_DREPRESENTATION" = "UNSIGNED"
Info (12021): Found 1 design units, including 1 entities, in source file db/lpm_divide_9sl.tdf
    Info (12023): Found entity 1: lpm_divide_9sl File: C:/Users/Kyle/Documents/GitHub/EEE333Verilog/Lab 5 Microprocessor/db/lpm_divide_9sl.tdf Line: 24
Info (12021): Found 1 design units, including 1 entities, in source file db/sign_div_unsign_bkh.tdf
    Info (12023): Found entity 1: sign_div_unsign_bkh File: C:/Users/Kyle/Documents/GitHub/EEE333Verilog/Lab 5 Microprocessor/db/sign_div_unsign_bkh.tdf Line: 24
Info (12021): Found 1 design units, including 1 entities, in source file db/alt_u_div_0fe.tdf
    Info (12023): Found entity 1: alt_u_div_0fe File: C:/Users/Kyle/Documents/GitHub/EEE333Verilog/Lab 5 Microprocessor/db/alt_u_div_0fe.tdf Line: 26
Info (12130): Elaborated megafunction instantiation "lpm_divide:Mod2" File: C:/Users/Kyle/Documents/GitHub/EEE333Verilog/Lab 5 Microprocessor/lab5_pv.sv Line: 71
Info (12133): Instantiated megafunction "lpm_divide:Mod2" with the following parameter: File: C:/Users/Kyle/Documents/GitHub/EEE333Verilog/Lab 5 Microprocessor/lab5_pv.sv Line: 71
    Info (12134): Parameter "LPM_WIDTHN" = "8"
    Info (12134): Parameter "LPM_WIDTHD" = "4"
    Info (12134): Parameter "LPM_NREPRESENTATION" = "UNSIGNED"
    Info (12134): Parameter "LPM_DREPRESENTATION" = "UNSIGNED"
Info (12021): Found 1 design units, including 1 entities, in source file db/lpm_divide_ckl.tdf
    Info (12023): Found entity 1: lpm_divide_ckl File: C:/Users/Kyle/Documents/GitHub/EEE333Verilog/Lab 5 Microprocessor/db/lpm_divide_ckl.tdf Line: 24
Warning (13024): Output pins are stuck at VCC or GND
    Warning (13410): Pin "SevSeg4[2]" is stuck at VCC File: C:/Users/Kyle/Documents/GitHub/EEE333Verilog/Lab 5 Microprocessor/lab5_pv.sv Line: 7
Info (286030): Timing-Driven Synthesis is running
Info (144001): Generated suppressed messages file C:/Users/Kyle/Documents/GitHub/EEE333Verilog/Lab 5 Microprocessor/output_files/lab5_pv.map.smsg
Info (16010): Generating hard_block partition "hard_block:auto_generated_inst"
    Info (16011): Adding 0 node(s), including 0 DDIO, 0 PLL, 0 transceiver and 0 LCELL
Info (21057): Implemented 1111 device resources after synthesis - the final resource count might be different
    Info (21058): Implemented 7 input pins
    Info (21059): Implemented 50 output pins
    Info (21061): Implemented 1053 logic cells
    Info (21062): Implemented 1 DSP elements
Info: Quartus Prime Analysis & Synthesis was successful. 0 errors, 5 warnings
    Info: Peak virtual memory: 4780 megabytes
    Info: Processing ended: Tue Jul 05 19:34:30 2022
    Info: Elapsed time: 00:00:16
    Info: Total CPU time (on all processors): 00:00:32


+------------------------------------------+
; Analysis & Synthesis Suppressed Messages ;
+------------------------------------------+
The suppressed messages can be found in C:/Users/Kyle/Documents/GitHub/EEE333Verilog/Lab 5 Microprocessor/output_files/lab5_pv.map.smsg.


